<?xml version="1.0" encoding="UTF-8"?>
<testsuite xmlns:xsi="http://www.w3.org/2001/XMLSchema-instance" xsi:noNamespaceSchemaLocation="https://maven.apache.org/surefire/maven-surefire-plugin/xsd/surefire-test-report-3.0.xsd" version="3.0" name="com.estudiantes.restControl.ApiRestAwsApplicationTests" time="4.376" tests="1" errors="0" skipped="0" failures="0">
  <properties>
[...]
</properties>
  <testcase name="contextLoads" classname="com.estudiantes.restControl.ApiRestAwsApplicationTests" time="1.167">
    <system-out><![CDATA[23:56:36.626 [main] INFO org.springframework.test.context.support.AnnotationConfigContextLoaderUtils -- Could not detect default configuration classes for test class [com.estudiantes.restControl.ApiRestAwsApplicationTests]: ApiRestAwsApplicationTests does not declare any static, non-private, non-final, nested classes annotated with @Configuration.
23:56:36.762 [main] INFO org.springframework.boot.test.context.SpringBootTestContextBootstrapper -- Found @SpringBootConfiguration com.estudiantes.restControl.Main for test class com.estudiantes.restControl.ApiRestAwsApplicationTests
23:56:37.045 [main] INFO org.springframework.boot.devtools.restart.RestartApplicationListener -- Restart disabled due to context in which it is running

  .   ____          _            __ _ _
 /\\ / ___'_ __ _ _(_)_ __  __ _ \ \ \ \
( ( )\___ | '_ | '_| | '_ \/ _` | \ \ \ \
 \\/  ___)| |_)| | | | | || (_| |  ) ) ) )
  '  |____| .__|_| |_|_| |_\__, | / / / /
 =========|_|==============|___/=/_/_/_/
 :: Spring Boot ::                (v3.1.5)

2023-11-13T23:56:37.394-06:00  INFO 25200 --- [           main] c.e.r.ApiRestAwsApplicationTests         : Starting ApiRestAwsApplicationTests using Java 17.0.2 with PID 25200 (started by Andrea Ortega in D:\Documentos\Fmat\7o semestre\AWS\PrimeraEntrega)
2023-11-13T23:56:37.396-06:00  INFO 25200 --- [           main] c.e.r.ApiRestAwsApplicationTests         : No active profile set, falling back to 1 default profile: "default"
2023-11-13T23:56:39.608-06:00  INFO 25200 --- [           main] c.e.r.ApiRestAwsApplicationTests         : Started ApiRestAwsApplicationTests in 2.584 seconds (process running for 3.883)
]]></system-out>
  </testcase>
</testsuite>